Using pre-set license
Built from '2021.1/release' branch; Version is '2021.1.1f1 (6fdc41dfa55a) revision 7330881'; Using compiler version '192528614'; Build Type 'Release'
OS: 'Windows 10 Home; OS build 19041.928; Version 2004; 64bit' Language: 'ko' Physical Memory: 8098 MB
BatchMode: 1, IsHumanControllingUs: 0, StartBugReporterOnCrash: 0, Is64bit: 1, IsPro: 0

 COMMAND LINE ARGUMENTS:
C:\Program Files\Unity\Hub\Editor\2021.1.1f1\Editor\Unity.exe
-adb2
-batchMode
-noUpm
-name
AssetImportWorker0
-projectPath
C:/Users/Kim changjin/Git2/FightGame
-logFile
Logs/AssetImportWorker0.log
-srvPort
7863
Successfully changed project path to: C:/Users/Kim changjin/Git2/FightGame
C:/Users/Kim changjin/Git2/FightGame
Using Asset Import Pipeline V2.
Refreshing native plugins compatible for Editor in 258.51 ms, found 2 plugins.
Preloading 0 native plugins for Editor in 0.00 ms.
Initialize engine version: 2021.1.1f1 (6fdc41dfa55a)
[Subsystems] Discovering subsystems at path C:/Program Files/Unity/Hub/Editor/2021.1.1f1/Editor/Data/Resources/UnitySubsystems
[Subsystems] Discovering subsystems at path C:/Users/Kim changjin/Git2/FightGame/Assets
GfxDevice: creating device client; threaded=0; jobified=0
Direct3D:
    Version:  Direct3D 11.0 [level 11.1]
    Renderer: Intel(R) HD Graphics 520 (ID=0x1916)
    Vendor:   Intel
    VRAM:     4049 MB
    Driver:   20.19.15.4463
Initialize mono
Mono path[0] = 'C:/Program Files/Unity/Hub/Editor/2021.1.1f1/Editor/Data/Managed'
Mono path[1] = 'C:/Program Files/Unity/Hub/Editor/2021.1.1f1/Editor/Data/MonoBleedingEdge/lib/mono/unityjit'
Mono config path = 'C:/Program Files/Unity/Hub/Editor/2021.1.1f1/Editor/Data/MonoBleedingEdge/etc'
Using monoOptions --debugger-agent=transport=dt_socket,embedding=1,server=y,suspend=n,address=127.0.0.1:56808
Begin MonoManager ReloadAssembly
Registering precompiled unity dll's ...
Register platform support module: C:/Program Files/Unity/Hub/Editor/2021.1.1f1/Editor/Data/PlaybackEngines/WindowsStandaloneSupport/UnityEditor.WindowsStandalone.Extensions.dll
Registered in 0.014039 seconds.
Native extension for WindowsStandalone target not found
Refreshing native plugins compatible for Editor in 386.04 ms, found 2 plugins.
Preloading 0 native plugins for Editor in 0.00 ms.
Mono: successfully reloaded assembly
- Completed reload, in  7.530 seconds
Platform modules already initialized, skipping
Registering precompiled user dll's ...
Registered in 0.008129 seconds.
Begin MonoManager ReloadAssembly
Native extension for WindowsStandalone target not found
Refreshing native plugins compatible for Editor in 190.99 ms, found 2 plugins.
Preloading 0 native plugins for Editor in 0.00 ms.
Mono: successfully reloaded assembly
- Completed reload, in  3.841 seconds
Platform modules already initialized, skipping
========================================================================
Worker process is ready to serve import requests
Launched and connected shader compiler UnityShaderCompiler.exe after 0.72 seconds
Refreshing native plugins compatible for Editor in 2.50 ms, found 2 plugins.
Preloading 0 native plugins for Editor in 0.00 ms.
Unloading 3395 Unused Serialized files (Serialized files now loaded: 0)
System memory in use before: 133.7 MB.
System memory in use after: 133.7 MB.

Unloading 29 unused Assets to reduce memory usage. Loaded Objects now: 3849.
Total: 5.501500 ms (FindLiveObjects: 0.526800 ms CreateObjectMapping: 0.349700 ms MarkObjects: 4.411300 ms  DeleteObjects: 0.211100 ms)

========================================================================
Received Import Request.
  path: Assets/1.Script/Pattern/Sinbullet.cs
  artifactKey: Guid(5f188c42c49dc394f9a0c90c8f1ddcee) Importer(815301076,1909f56bfc062723c751e8b465ee728b)
Start importing Assets/1.Script/Pattern/Sinbullet.cs using Guid(5f188c42c49dc394f9a0c90c8f1ddcee) Importer(815301076,1909f56bfc062723c751e8b465ee728b)  -> (artifact id: '70b43abe34a348b503dc0bbdeb588163') in 0.668834 seconds 
========================================================================
Received Prepare
Registering precompiled user dll's ...
Registered in 0.006027 seconds.
Begin MonoManager ReloadAssembly
Native extension for WindowsStandalone target not found
Refreshing native plugins compatible for Editor in 0.76 ms, found 2 plugins.
Preloading 0 native plugins for Editor in 0.00 ms.
Mono: successfully reloaded assembly
- Completed reload, in  1.878 seconds
Platform modules already initialized, skipping
Refreshing native plugins compatible for Editor in 1.26 ms, found 2 plugins.
Preloading 0 native plugins for Editor in 0.00 ms.
Unloading 3387 Unused Serialized files (Serialized files now loaded: 0)
System memory in use before: 133.3 MB.
System memory in use after: 133.4 MB.

Unloading 17 unused Assets to reduce memory usage. Loaded Objects now: 3853.
Total: 3.932100 ms (FindLiveObjects: 0.509100 ms CreateObjectMapping: 0.335800 ms MarkObjects: 2.917900 ms  DeleteObjects: 0.167600 ms)

========================================================================
Received Import Request.
  Time since last request: 306.087882 seconds.
  path: Assets/1.Script/Pattern/Sinbullet.cs
  artifactKey: Guid(5f188c42c49dc394f9a0c90c8f1ddcee) Importer(815301076,1909f56bfc062723c751e8b465ee728b)
Start importing Assets/1.Script/Pattern/Sinbullet.cs using Guid(5f188c42c49dc394f9a0c90c8f1ddcee) Importer(815301076,1909f56bfc062723c751e8b465ee728b)  -> (artifact id: '4899283ed11a6a2457c33eac68248c23') in 0.013740 seconds 
========================================================================
Received Prepare
Registering precompiled user dll's ...
Registered in 0.004542 seconds.
Begin MonoManager ReloadAssembly
Native extension for WindowsStandalone target not found
Refreshing native plugins compatible for Editor in 0.82 ms, found 2 plugins.
Preloading 0 native plugins for Editor in 0.00 ms.
Mono: successfully reloaded assembly
- Completed reload, in  1.763 seconds
Platform modules already initialized, skipping
Refreshing native plugins compatible for Editor in 1.27 ms, found 2 plugins.
Preloading 0 native plugins for Editor in 0.00 ms.
Unloading 3387 Unused Serialized files (Serialized files now loaded: 0)
System memory in use before: 133.4 MB.
System memory in use after: 133.5 MB.

Unloading 17 unused Assets to reduce memory usage. Loaded Objects now: 3857.
Total: 5.825100 ms (FindLiveObjects: 0.580000 ms CreateObjectMapping: 0.351800 ms MarkObjects: 4.704000 ms  DeleteObjects: 0.187000 ms)

========================================================================
Received Import Request.
  Time since last request: 41.573554 seconds.
  path: Assets/1.Script/Pattern/Sinbullet.cs
  artifactKey: Guid(5f188c42c49dc394f9a0c90c8f1ddcee) Importer(815301076,1909f56bfc062723c751e8b465ee728b)
Start importing Assets/1.Script/Pattern/Sinbullet.cs using Guid(5f188c42c49dc394f9a0c90c8f1ddcee) Importer(815301076,1909f56bfc062723c751e8b465ee728b)  -> (artifact id: 'd241ce028e980f2570a279f40a71af90') in 0.014748 seconds 
========================================================================
Received Prepare
Registering precompiled user dll's ...
Registered in 0.026389 seconds.
Begin MonoManager ReloadAssembly
Native extension for WindowsStandalone target not found
Refreshing native plugins compatible for Editor in 1.93 ms, found 2 plugins.
Preloading 0 native plugins for Editor in 0.00 ms.
Mono: successfully reloaded assembly
- Completed reload, in  4.389 seconds
Platform modules already initialized, skipping
Refreshing native plugins compatible for Editor in 2.17 ms, found 2 plugins.
Preloading 0 native plugins for Editor in 0.00 ms.
Unloading 3387 Unused Serialized files (Serialized files now loaded: 0)
System memory in use before: 133.4 MB.
System memory in use after: 133.5 MB.

Unloading 17 unused Assets to reduce memory usage. Loaded Objects now: 3861.
Total: 11.419800 ms (FindLiveObjects: 2.361700 ms CreateObjectMapping: 0.803300 ms MarkObjects: 8.022900 ms  DeleteObjects: 0.227800 ms)

========================================================================
Received Prepare
Registering precompiled user dll's ...
Registered in 0.005954 seconds.
Begin MonoManager ReloadAssembly
Native extension for WindowsStandalone target not found
Refreshing native plugins compatible for Editor in 0.86 ms, found 2 plugins.
Preloading 0 native plugins for Editor in 0.00 ms.
Mono: successfully reloaded assembly
- Completed reload, in  1.702 seconds
Platform modules already initialized, skipping
Refreshing native plugins compatible for Editor in 1.55 ms, found 2 plugins.
Preloading 0 native plugins for Editor in 0.00 ms.
Unloading 3387 Unused Serialized files (Serialized files now loaded: 0)
System memory in use before: 133.5 MB.
System memory in use after: 133.6 MB.

Unloading 17 unused Assets to reduce memory usage. Loaded Objects now: 3865.
Total: 3.858100 ms (FindLiveObjects: 0.471600 ms CreateObjectMapping: 0.250400 ms MarkObjects: 3.003100 ms  DeleteObjects: 0.131100 ms)

========================================================================
Received Prepare
Registering precompiled user dll's ...
Registered in 0.017791 seconds.
Begin MonoManager ReloadAssembly
Native extension for WindowsStandalone target not found
Refreshing native plugins compatible for Editor in 0.95 ms, found 2 plugins.
Preloading 0 native plugins for Editor in 0.00 ms.
Mono: successfully reloaded assembly
- Completed reload, in  4.584 seconds
Platform modules already initialized, skipping
Refreshing native plugins compatible for Editor in 1.29 ms, found 2 plugins.
Preloading 0 native plugins for Editor in 0.00 ms.
Unloading 3387 Unused Serialized files (Serialized files now loaded: 0)
System memory in use before: 133.5 MB.
System memory in use after: 133.6 MB.

Unloading 17 unused Assets to reduce memory usage. Loaded Objects now: 3869.
Total: 8.436500 ms (FindLiveObjects: 0.526600 ms CreateObjectMapping: 2.372400 ms MarkObjects: 5.362700 ms  DeleteObjects: 0.171700 ms)

========================================================================
Received Prepare
Registering precompiled user dll's ...
Registered in 0.006770 seconds.
Begin MonoManager ReloadAssembly
Native extension for WindowsStandalone target not found
Refreshing native plugins compatible for Editor in 1.38 ms, found 2 plugins.
Preloading 0 native plugins for Editor in 0.00 ms.
Mono: successfully reloaded assembly
- Completed reload, in  2.128 seconds
Platform modules already initialized, skipping
Refreshing native plugins compatible for Editor in 1.34 ms, found 2 plugins.
Preloading 0 native plugins for Editor in 0.00 ms.
Unloading 3387 Unused Serialized files (Serialized files now loaded: 0)
System memory in use before: 133.5 MB.
System memory in use after: 133.6 MB.

Unloading 17 unused Assets to reduce memory usage. Loaded Objects now: 3873.
Total: 8.537900 ms (FindLiveObjects: 0.791100 ms CreateObjectMapping: 0.627600 ms MarkObjects: 6.800500 ms  DeleteObjects: 0.315100 ms)

========================================================================
Received Prepare
Registering precompiled user dll's ...
Registered in 0.005294 seconds.
Begin MonoManager ReloadAssembly
Native extension for WindowsStandalone target not found
Refreshing native plugins compatible for Editor in 0.80 ms, found 2 plugins.
Preloading 0 native plugins for Editor in 0.00 ms.
Mono: successfully reloaded assembly
- Completed reload, in  2.549 seconds
Platform modules already initialized, skipping
Refreshing native plugins compatible for Editor in 1.38 ms, found 2 plugins.
Preloading 0 native plugins for Editor in 0.00 ms.
Unloading 3387 Unused Serialized files (Serialized files now loaded: 0)
System memory in use before: 133.5 MB.
System memory in use after: 133.6 MB.

Unloading 17 unused Assets to reduce memory usage. Loaded Objects now: 3877.
Total: 6.105000 ms (FindLiveObjects: 0.604900 ms CreateObjectMapping: 0.286700 ms MarkObjects: 4.994300 ms  DeleteObjects: 0.216400 ms)

========================================================================
Received Prepare
Registering precompiled user dll's ...
Registered in 0.009072 seconds.
Begin MonoManager ReloadAssembly
Native extension for WindowsStandalone target not found
Refreshing native plugins compatible for Editor in 0.76 ms, found 2 plugins.
Preloading 0 native plugins for Editor in 0.00 ms.
Mono: successfully reloaded assembly
- Completed reload, in  1.996 seconds
Platform modules already initialized, skipping
Refreshing native plugins compatible for Editor in 1.22 ms, found 2 plugins.
Preloading 0 native plugins for Editor in 0.00 ms.
Unloading 3387 Unused Serialized files (Serialized files now loaded: 0)
System memory in use before: 133.5 MB.
System memory in use after: 133.6 MB.

Unloading 17 unused Assets to reduce memory usage. Loaded Objects now: 3881.
Total: 3.361200 ms (FindLiveObjects: 0.445000 ms CreateObjectMapping: 0.236400 ms MarkObjects: 2.545600 ms  DeleteObjects: 0.132900 ms)

========================================================================
Received Prepare
Registering precompiled user dll's ...
Registered in 0.007567 seconds.
Begin MonoManager ReloadAssembly
Native extension for WindowsStandalone target not found
Refreshing native plugins compatible for Editor in 1.18 ms, found 2 plugins.
Preloading 0 native plugins for Editor in 0.00 ms.
Mono: successfully reloaded assembly
- Completed reload, in  2.216 seconds
Platform modules already initialized, skipping
Refreshing native plugins compatible for Editor in 1.67 ms, found 2 plugins.
Preloading 0 native plugins for Editor in 0.00 ms.
Unloading 3387 Unused Serialized files (Serialized files now loaded: 0)
System memory in use before: 133.5 MB.
System memory in use after: 133.6 MB.

Unloading 17 unused Assets to reduce memory usage. Loaded Objects now: 3885.
Total: 57.383400 ms (FindLiveObjects: 0.431400 ms CreateObjectMapping: 0.359400 ms MarkObjects: 56.371200 ms  DeleteObjects: 0.218300 ms)

========================================================================
Received Prepare
Registering precompiled user dll's ...
Registered in 0.006680 seconds.
Begin MonoManager ReloadAssembly
Native extension for WindowsStandalone target not found
Refreshing native plugins compatible for Editor in 0.81 ms, found 2 plugins.
Preloading 0 native plugins for Editor in 0.00 ms.
Mono: successfully reloaded assembly
- Completed reload, in  1.639 seconds
Platform modules already initialized, skipping
Refreshing native plugins compatible for Editor in 1.67 ms, found 2 plugins.
Preloading 0 native plugins for Editor in 0.00 ms.
Unloading 3387 Unused Serialized files (Serialized files now loaded: 0)
System memory in use before: 133.5 MB.
System memory in use after: 133.6 MB.

Unloading 17 unused Assets to reduce memory usage. Loaded Objects now: 3889.
Total: 12.765200 ms (FindLiveObjects: 1.185800 ms CreateObjectMapping: 0.726900 ms MarkObjects: 10.392500 ms  DeleteObjects: 0.455600 ms)

========================================================================
Received Prepare
Registering precompiled user dll's ...
Registered in 0.008067 seconds.
Begin MonoManager ReloadAssembly
Native extension for WindowsStandalone target not found
Refreshing native plugins compatible for Editor in 1.09 ms, found 2 plugins.
Preloading 0 native plugins for Editor in 0.00 ms.
Mono: successfully reloaded assembly
- Completed reload, in  3.655 seconds
Platform modules already initialized, skipping
Refreshing native plugins compatible for Editor in 1.64 ms, found 2 plugins.
Preloading 0 native plugins for Editor in 0.00 ms.
Unloading 3387 Unused Serialized files (Serialized files now loaded: 0)
System memory in use before: 133.5 MB.
System memory in use after: 133.6 MB.

Unloading 17 unused Assets to reduce memory usage. Loaded Objects now: 3893.
Total: 5.965900 ms (FindLiveObjects: 0.654800 ms CreateObjectMapping: 0.367300 ms MarkObjects: 4.746200 ms  DeleteObjects: 0.194100 ms)

========================================================================
Received Prepare
Registering precompiled user dll's ...
Registered in 0.006772 seconds.
Begin MonoManager ReloadAssembly
Native extension for WindowsStandalone target not found
Refreshing native plugins compatible for Editor in 1.12 ms, found 2 plugins.
Preloading 0 native plugins for Editor in 0.00 ms.
Mono: successfully reloaded assembly
- Completed reload, in  2.244 seconds
Platform modules already initialized, skipping
Refreshing native plugins compatible for Editor in 1.25 ms, found 2 plugins.
Preloading 0 native plugins for Editor in 0.00 ms.
Unloading 3387 Unused Serialized files (Serialized files now loaded: 0)
System memory in use before: 133.5 MB.
System memory in use after: 133.6 MB.

Unloading 17 unused Assets to reduce memory usage. Loaded Objects now: 3897.
Total: 3.522100 ms (FindLiveObjects: 0.350200 ms CreateObjectMapping: 0.225000 ms MarkObjects: 2.802900 ms  DeleteObjects: 0.142700 ms)

========================================================================
Received Prepare
Registering precompiled user dll's ...
Registered in 0.015427 seconds.
Begin MonoManager ReloadAssembly
Native extension for WindowsStandalone target not found
Refreshing native plugins compatible for Editor in 1.61 ms, found 2 plugins.
Preloading 0 native plugins for Editor in 0.00 ms.
Mono: successfully reloaded assembly
- Completed reload, in  4.004 seconds
Platform modules already initialized, skipping
Refreshing native plugins compatible for Editor in 1.75 ms, found 2 plugins.
Preloading 0 native plugins for Editor in 0.00 ms.
Unloading 3387 Unused Serialized files (Serialized files now loaded: 0)
System memory in use before: 133.5 MB.
System memory in use after: 133.6 MB.

Unloading 17 unused Assets to reduce memory usage. Loaded Objects now: 3901.
Total: 12.298600 ms (FindLiveObjects: 0.810000 ms CreateObjectMapping: 0.640600 ms MarkObjects: 10.344800 ms  DeleteObjects: 0.498200 ms)

========================================================================
Received Prepare
Registering precompiled user dll's ...
Registered in 0.006760 seconds.
Begin MonoManager ReloadAssembly
Native extension for WindowsStandalone target not found
Refreshing native plugins compatible for Editor in 0.86 ms, found 2 plugins.
Preloading 0 native plugins for Editor in 0.00 ms.
Mono: successfully reloaded assembly
- Completed reload, in  1.985 seconds
Platform modules already initialized, skipping
Refreshing native plugins compatible for Editor in 1.46 ms, found 2 plugins.
Preloading 0 native plugins for Editor in 0.00 ms.
Unloading 3387 Unused Serialized files (Serialized files now loaded: 0)
System memory in use before: 133.5 MB.
System memory in use after: 133.6 MB.

Unloading 17 unused Assets to reduce memory usage. Loaded Objects now: 3905.
Total: 3.610900 ms (FindLiveObjects: 0.471300 ms CreateObjectMapping: 0.305700 ms MarkObjects: 2.614200 ms  DeleteObjects: 0.218300 ms)

========================================================================
Received Prepare
Registering precompiled user dll's ...
Registered in 0.005024 seconds.
Begin MonoManager ReloadAssembly
Native extension for WindowsStandalone target not found
Refreshing native plugins compatible for Editor in 2.95 ms, found 2 plugins.
Preloading 0 native plugins for Editor in 0.00 ms.
Mono: successfully reloaded assembly
- Completed reload, in  2.861 seconds
Platform modules already initialized, skipping
Refreshing native plugins compatible for Editor in 1.74 ms, found 2 plugins.
Preloading 0 native plugins for Editor in 0.00 ms.
Unloading 3387 Unused Serialized files (Serialized files now loaded: 0)
System memory in use before: 133.6 MB.
System memory in use after: 133.7 MB.

Unloading 17 unused Assets to reduce memory usage. Loaded Objects now: 3909.
Total: 8.207100 ms (FindLiveObjects: 0.956000 ms CreateObjectMapping: 0.665200 ms MarkObjects: 6.274200 ms  DeleteObjects: 0.308800 ms)

========================================================================
Received Prepare
Registering precompiled user dll's ...
Registered in 0.008045 seconds.
Begin MonoManager ReloadAssembly
Native extension for WindowsStandalone target not found
Refreshing native plugins compatible for Editor in 0.84 ms, found 2 plugins.
Preloading 0 native plugins for Editor in 0.00 ms.
Mono: successfully reloaded assembly
- Completed reload, in  2.088 seconds
Platform modules already initialized, skipping
Refreshing native plugins compatible for Editor in 1.62 ms, found 2 plugins.
Preloading 0 native plugins for Editor in 0.00 ms.
Unloading 3387 Unused Serialized files (Serialized files now loaded: 0)
System memory in use before: 133.6 MB.
System memory in use after: 133.7 MB.

Unloading 17 unused Assets to reduce memory usage. Loaded Objects now: 3913.
Total: 4.122400 ms (FindLiveObjects: 0.456000 ms CreateObjectMapping: 0.419100 ms MarkObjects: 3.118000 ms  DeleteObjects: 0.127700 ms)

========================================================================
Received Prepare
Registering precompiled user dll's ...
Registered in 0.007922 seconds.
Begin MonoManager ReloadAssembly
Native extension for WindowsStandalone target not found
Refreshing native plugins compatible for Editor in 1.17 ms, found 2 plugins.
Preloading 0 native plugins for Editor in 0.00 ms.
Mono: successfully reloaded assembly
- Completed reload, in  3.070 seconds
Platform modules already initialized, skipping
Refreshing native plugins compatible for Editor in 1.37 ms, found 2 plugins.
Preloading 0 native plugins for Editor in 0.00 ms.
Unloading 3387 Unused Serialized files (Serialized files now loaded: 0)
System memory in use before: 133.6 MB.
System memory in use after: 133.7 MB.

Unloading 17 unused Assets to reduce memory usage. Loaded Objects now: 3917.
Total: 3.743100 ms (FindLiveObjects: 0.495000 ms CreateObjectMapping: 0.278800 ms MarkObjects: 2.776400 ms  DeleteObjects: 0.191100 ms)

========================================================================
Received Prepare
Registering precompiled user dll's ...
Registered in 0.006556 seconds.
Begin MonoManager ReloadAssembly
Native extension for WindowsStandalone target not found
Refreshing native plugins compatible for Editor in 0.78 ms, found 2 plugins.
Preloading 0 native plugins for Editor in 0.00 ms.
Mono: successfully reloaded assembly
- Completed reload, in  1.441 seconds
Platform modules already initialized, skipping
Refreshing native plugins compatible for Editor in 1.44 ms, found 2 plugins.
Preloading 0 native plugins for Editor in 0.00 ms.
Unloading 3387 Unused Serialized files (Serialized files now loaded: 0)
System memory in use before: 133.6 MB.
System memory in use after: 133.7 MB.

Unloading 17 unused Assets to reduce memory usage. Loaded Objects now: 3921.
Total: 6.436900 ms (FindLiveObjects: 0.873300 ms CreateObjectMapping: 0.541600 ms MarkObjects: 4.832700 ms  DeleteObjects: 0.186900 ms)

========================================================================
Received Prepare
Registering precompiled user dll's ...
Registered in 0.021059 seconds.
Begin MonoManager ReloadAssembly
Native extension for WindowsStandalone target not found
Refreshing native plugins compatible for Editor in 3.87 ms, found 2 plugins.
Preloading 0 native plugins for Editor in 0.00 ms.
Mono: successfully reloaded assembly
- Completed reload, in  4.655 seconds
Platform modules already initialized, skipping
Refreshing native plugins compatible for Editor in 1.34 ms, found 2 plugins.
Preloading 0 native plugins for Editor in 0.00 ms.
Unloading 3387 Unused Serialized files (Serialized files now loaded: 0)
System memory in use before: 133.6 MB.
System memory in use after: 133.7 MB.

Unloading 17 unused Assets to reduce memory usage. Loaded Objects now: 3925.
Total: 8.980900 ms (FindLiveObjects: 1.036000 ms CreateObjectMapping: 0.667400 ms MarkObjects: 6.946400 ms  DeleteObjects: 0.327000 ms)

========================================================================
Received Prepare
Registering precompiled user dll's ...
Registered in 0.009057 seconds.
Begin MonoManager ReloadAssembly
Native extension for WindowsStandalone target not found
Refreshing native plugins compatible for Editor in 0.80 ms, found 2 plugins.
Preloading 0 native plugins for Editor in 0.00 ms.
Mono: successfully reloaded assembly
- Completed reload, in  2.336 seconds
Platform modules already initialized, skipping
Refreshing native plugins compatible for Editor in 1.35 ms, found 2 plugins.
Preloading 0 native plugins for Editor in 0.00 ms.
Unloading 3387 Unused Serialized files (Serialized files now loaded: 0)
System memory in use before: 133.6 MB.
System memory in use after: 133.7 MB.

Unloading 17 unused Assets to reduce memory usage. Loaded Objects now: 3929.
Total: 4.002800 ms (FindLiveObjects: 0.427100 ms CreateObjectMapping: 0.300600 ms MarkObjects: 2.983200 ms  DeleteObjects: 0.289500 ms)

========================================================================
Received Prepare
Registering precompiled user dll's ...
Registered in 0.010096 seconds.
Begin MonoManager ReloadAssembly
Native extension for WindowsStandalone target not found
Refreshing native plugins compatible for Editor in 1.23 ms, found 2 plugins.
Preloading 0 native plugins for Editor in 0.00 ms.
Mono: successfully reloaded assembly
- Completed reload, in  1.363 seconds
Platform modules already initialized, skipping
Refreshing native plugins compatible for Editor in 3.59 ms, found 2 plugins.
Preloading 0 native plugins for Editor in 0.00 ms.
Unloading 3387 Unused Serialized files (Serialized files now loaded: 0)
System memory in use before: 133.6 MB.
System memory in use after: 133.7 MB.

Unloading 17 unused Assets to reduce memory usage. Loaded Objects now: 3933.
Total: 4.829500 ms (FindLiveObjects: 0.686100 ms CreateObjectMapping: 0.452000 ms MarkObjects: 3.553400 ms  DeleteObjects: 0.134500 ms)

========================================================================
Received Prepare
Registering precompiled user dll's ...
Registered in 0.005984 seconds.
Begin MonoManager ReloadAssembly
Native extension for WindowsStandalone target not found
Refreshing native plugins compatible for Editor in 0.77 ms, found 2 plugins.
Preloading 0 native plugins for Editor in 0.00 ms.
Mono: successfully reloaded assembly
- Completed reload, in  1.569 seconds
Platform modules already initialized, skipping
Refreshing native plugins compatible for Editor in 1.37 ms, found 2 plugins.
Preloading 0 native plugins for Editor in 0.00 ms.
Unloading 3387 Unused Serialized files (Serialized files now loaded: 0)
System memory in use before: 133.6 MB.
System memory in use after: 133.7 MB.

Unloading 17 unused Assets to reduce memory usage. Loaded Objects now: 3937.
Total: 3.268600 ms (FindLiveObjects: 0.390300 ms CreateObjectMapping: 0.272700 ms MarkObjects: 2.477500 ms  DeleteObjects: 0.126700 ms)

========================================================================
Received Prepare
Registering precompiled user dll's ...
Registered in 0.004626 seconds.
Begin MonoManager ReloadAssembly
Native extension for WindowsStandalone target not found
Refreshing native plugins compatible for Editor in 1.23 ms, found 2 plugins.
Preloading 0 native plugins for Editor in 0.00 ms.
Mono: successfully reloaded assembly
- Completed reload, in  2.961 seconds
Platform modules already initialized, skipping
Refreshing native plugins compatible for Editor in 1.35 ms, found 2 plugins.
Preloading 0 native plugins for Editor in 0.00 ms.
Unloading 3387 Unused Serialized files (Serialized files now loaded: 0)
System memory in use before: 133.6 MB.
System memory in use after: 133.7 MB.

Unloading 17 unused Assets to reduce memory usage. Loaded Objects now: 3941.
Total: 5.398600 ms (FindLiveObjects: 0.527700 ms CreateObjectMapping: 0.339800 ms MarkObjects: 4.180700 ms  DeleteObjects: 0.348000 ms)

========================================================================
Received Prepare
Registering precompiled user dll's ...
Registered in 0.009480 seconds.
Begin MonoManager ReloadAssembly
Native extension for WindowsStandalone target not found
Refreshing native plugins compatible for Editor in 1.13 ms, found 2 plugins.
Preloading 0 native plugins for Editor in 0.00 ms.
Mono: successfully reloaded assembly
- Completed reload, in  2.119 seconds
Platform modules already initialized, skipping
Refreshing native plugins compatible for Editor in 1.74 ms, found 2 plugins.
Preloading 0 native plugins for Editor in 0.00 ms.
Unloading 3387 Unused Serialized files (Serialized files now loaded: 0)
System memory in use before: 133.6 MB.
System memory in use after: 133.7 MB.

Unloading 17 unused Assets to reduce memory usage. Loaded Objects now: 3945.
Total: 9.622000 ms (FindLiveObjects: 1.164500 ms CreateObjectMapping: 0.782000 ms MarkObjects: 7.325400 ms  DeleteObjects: 0.345400 ms)

========================================================================
Received Import Request.
  Time since last request: 3942.810321 seconds.
  path: Assets/2-1.Prefab/circle.prefab
  artifactKey: Guid(f7791c051a9dc414fa4244464d9d14ff) Importer(815301076,1909f56bfc062723c751e8b465ee728b)
Start importing Assets/2-1.Prefab/circle.prefab using Guid(f7791c051a9dc414fa4244464d9d14ff) Importer(815301076,1909f56bfc062723c751e8b465ee728b)  -> (artifact id: '6303653bcc0719319cdaae9266603349') in 0.204875 seconds 
========================================================================
Received Prepare
Registering precompiled user dll's ...
Registered in 0.013917 seconds.
Begin MonoManager ReloadAssembly
Native extension for WindowsStandalone target not found
Refreshing native plugins compatible for Editor in 0.78 ms, found 2 plugins.
Preloading 0 native plugins for Editor in 0.00 ms.
Mono: successfully reloaded assembly
- Completed reload, in  1.671 seconds
Platform modules already initialized, skipping
Refreshing native plugins compatible for Editor in 2.62 ms, found 2 plugins.
Preloading 0 native plugins for Editor in 0.00 ms.
Unloading 3387 Unused Serialized files (Serialized files now loaded: 0)
System memory in use before: 137.2 MB.
System memory in use after: 137.3 MB.

Unloading 17 unused Assets to reduce memory usage. Loaded Objects now: 3956.
Total: 3.966700 ms (FindLiveObjects: 0.434700 ms CreateObjectMapping: 0.277600 ms MarkObjects: 3.112100 ms  DeleteObjects: 0.140700 ms)

========================================================================
Received Import Request.
  Time since last request: 319.136808 seconds.
  path: Assets/2-1.Prefab/circle 1.prefab
  artifactKey: Guid(b03d2ec049d98774f96ada22f7b3c7c0) Importer(815301076,1909f56bfc062723c751e8b465ee728b)
Start importing Assets/2-1.Prefab/circle 1.prefab using Guid(b03d2ec049d98774f96ada22f7b3c7c0) Importer(815301076,1909f56bfc062723c751e8b465ee728b)  -> (artifact id: 'c5bf73118aa580c8db352bcc9dd7cd0c') in 0.144166 seconds 
========================================================================
Received Import Request.
  Time since last request: 15.307370 seconds.
  path: Assets/2-1.Prefab/Sincircle.prefab
  artifactKey: Guid(f7791c051a9dc414fa4244464d9d14ff) Importer(815301076,1909f56bfc062723c751e8b465ee728b)
Start importing Assets/2-1.Prefab/Sincircle.prefab using Guid(f7791c051a9dc414fa4244464d9d14ff) Importer(815301076,1909f56bfc062723c751e8b465ee728b)  -> (artifact id: '95f1b7c1b6f3e62db3e6b3d8c62c9e20') in 0.040442 seconds 
========================================================================
Received Import Request.
  Time since last request: 9.636866 seconds.
  path: Assets/2-1.Prefab/Coscircle .prefab
  artifactKey: Guid(b03d2ec049d98774f96ada22f7b3c7c0) Importer(815301076,1909f56bfc062723c751e8b465ee728b)
Start importing Assets/2-1.Prefab/Coscircle .prefab using Guid(b03d2ec049d98774f96ada22f7b3c7c0) Importer(815301076,1909f56bfc062723c751e8b465ee728b)  -> (artifact id: 'a82a58b3c90f7834939e8db434f9f4c1') in 0.042262 seconds 
========================================================================
Received Import Request.
  Time since last request: 119.399967 seconds.
  path: Assets/2-1.Prefab/Coscircle .prefab
  artifactKey: Guid(b03d2ec049d98774f96ada22f7b3c7c0) Importer(815301076,1909f56bfc062723c751e8b465ee728b)
Start importing Assets/2-1.Prefab/Coscircle .prefab using Guid(b03d2ec049d98774f96ada22f7b3c7c0) Importer(815301076,1909f56bfc062723c751e8b465ee728b)  -> (artifact id: '6fad3f8bde6ac011629f5056849e1bbb') in 0.102588 seconds 
========================================================================
Received Import Request.
  Time since last request: 6.044222 seconds.
  path: Assets/1.Script/Pattern/Sinbullet.cs
  artifactKey: Guid(5f188c42c49dc394f9a0c90c8f1ddcee) Importer(815301076,1909f56bfc062723c751e8b465ee728b)
Start importing Assets/1.Script/Pattern/Sinbullet.cs using Guid(5f188c42c49dc394f9a0c90c8f1ddcee) Importer(815301076,1909f56bfc062723c751e8b465ee728b)  -> (artifact id: '5dd32326051f66aed7ffc667d5d26c49') in 0.045115 seconds 
========================================================================
Received Import Request.
  Time since last request: 9.773380 seconds.
  path: Assets/1.Script/Pattern/Cosbullet.cs
  artifactKey: Guid(fa93ca6917e794148901a35dfd4ed1c2) Importer(815301076,1909f56bfc062723c751e8b465ee728b)
Start importing Assets/1.Script/Pattern/Cosbullet.cs using Guid(fa93ca6917e794148901a35dfd4ed1c2) Importer(815301076,1909f56bfc062723c751e8b465ee728b)  -> (artifact id: '5b798c7be5bd3da92aa71f1c8a69ca14') in 0.022828 seconds 
========================================================================
Received Prepare
Registering precompiled user dll's ...
Registered in 0.006683 seconds.
Begin MonoManager ReloadAssembly
Native extension for WindowsStandalone target not found
Refreshing native plugins compatible for Editor in 1.28 ms, found 2 plugins.
Preloading 0 native plugins for Editor in 0.00 ms.
Mono: successfully reloaded assembly
- Completed reload, in 14.934 seconds
Platform modules already initialized, skipping
Refreshing native plugins compatible for Editor in 1.92 ms, found 2 plugins.
Preloading 0 native plugins for Editor in 0.00 ms.
Unloading 3388 Unused Serialized files (Serialized files now loaded: 0)
System memory in use before: 137.3 MB.
System memory in use after: 137.4 MB.

Unloading 17 unused Assets to reduce memory usage. Loaded Objects now: 3962.
Total: 5.200400 ms (FindLiveObjects: 0.542700 ms CreateObjectMapping: 0.458700 ms MarkObjects: 4.013700 ms  DeleteObjects: 0.183100 ms)

========================================================================
Received Prepare
Registering precompiled user dll's ...
Registered in 0.110940 seconds.
Begin MonoManager ReloadAssembly
Native extension for WindowsStandalone target not found
Refreshing native plugins compatible for Editor in 1.13 ms, found 2 plugins.
Preloading 0 native plugins for Editor in 0.00 ms.
Mono: successfully reloaded assembly
- Completed reload, in  2.278 seconds
Platform modules already initialized, skipping
Refreshing native plugins compatible for Editor in 1.51 ms, found 2 plugins.
Preloading 0 native plugins for Editor in 0.00 ms.
Unloading 3388 Unused Serialized files (Serialized files now loaded: 0)
System memory in use before: 137.3 MB.
System memory in use after: 137.4 MB.

Unloading 17 unused Assets to reduce memory usage. Loaded Objects now: 3966.
Total: 3.517500 ms (FindLiveObjects: 0.411900 ms CreateObjectMapping: 0.279400 ms MarkObjects: 2.693200 ms  DeleteObjects: 0.131400 ms)

========================================================================
Received Import Request.
  Time since last request: 445.119006 seconds.
  path: Assets/1.Script/Pattern/Cosbullet.cs
  artifactKey: Guid(fa93ca6917e794148901a35dfd4ed1c2) Importer(815301076,1909f56bfc062723c751e8b465ee728b)
Start importing Assets/1.Script/Pattern/Cosbullet.cs using Guid(fa93ca6917e794148901a35dfd4ed1c2) Importer(815301076,1909f56bfc062723c751e8b465ee728b)  -> (artifact id: 'd6f6f24d1e8e6de291e1dcb0362ef7c4') in 0.045469 seconds 
========================================================================
Received Import Request.
  Time since last request: 3.901715 seconds.
  path: Assets/2-1.Prefab/Coscircle .prefab
  artifactKey: Guid(b03d2ec049d98774f96ada22f7b3c7c0) Importer(815301076,1909f56bfc062723c751e8b465ee728b)
Start importing Assets/2-1.Prefab/Coscircle .prefab using Guid(b03d2ec049d98774f96ada22f7b3c7c0) Importer(815301076,1909f56bfc062723c751e8b465ee728b)  -> (artifact id: '8fccf9f85ac41a542553024e3df7d23f') in 0.164754 seconds 
========================================================================
Received Prepare
Registering precompiled user dll's ...
Registered in 0.005758 seconds.
Begin MonoManager ReloadAssembly
Native extension for WindowsStandalone target not found
Refreshing native plugins compatible for Editor in 0.77 ms, found 2 plugins.
Preloading 0 native plugins for Editor in 0.00 ms.
Mono: successfully reloaded assembly
- Completed reload, in  1.850 seconds
Platform modules already initialized, skipping
Refreshing native plugins compatible for Editor in 1.27 ms, found 2 plugins.
Preloading 0 native plugins for Editor in 0.00 ms.
Unloading 3388 Unused Serialized files (Serialized files now loaded: 0)
System memory in use before: 137.3 MB.
System memory in use after: 137.4 MB.

Unloading 17 unused Assets to reduce memory usage. Loaded Objects now: 3971.
Total: 5.461700 ms (FindLiveObjects: 0.486000 ms CreateObjectMapping: 0.294800 ms MarkObjects: 4.512600 ms  DeleteObjects: 0.165700 ms)

========================================================================
Received Prepare
Registering precompiled user dll's ...
Registered in 0.006269 seconds.
Begin MonoManager ReloadAssembly
Native extension for WindowsStandalone target not found
Refreshing native plugins compatible for Editor in 1.19 ms, found 2 plugins.
Preloading 0 native plugins for Editor in 0.00 ms.
Mono: successfully reloaded assembly
- Completed reload, in  1.547 seconds
Platform modules already initialized, skipping
Refreshing native plugins compatible for Editor in 1.53 ms, found 2 plugins.
Preloading 0 native plugins for Editor in 0.00 ms.
Unloading 3388 Unused Serialized files (Serialized files now loaded: 0)
System memory in use before: 137.3 MB.
System memory in use after: 137.4 MB.

Unloading 17 unused Assets to reduce memory usage. Loaded Objects now: 3975.
Total: 8.574700 ms (FindLiveObjects: 0.903700 ms CreateObjectMapping: 0.679500 ms MarkObjects: 6.706400 ms  DeleteObjects: 0.281700 ms)

========================================================================
Received Prepare
Registering precompiled user dll's ...
Registered in 0.007429 seconds.
Begin MonoManager ReloadAssembly
Native extension for WindowsStandalone target not found
Refreshing native plugins compatible for Editor in 1.59 ms, found 2 plugins.
Preloading 0 native plugins for Editor in 0.00 ms.
Mono: successfully reloaded assembly
- Completed reload, in  2.339 seconds
Platform modules already initialized, skipping
Refreshing native plugins compatible for Editor in 1.32 ms, found 2 plugins.
Preloading 0 native plugins for Editor in 0.00 ms.
Unloading 3388 Unused Serialized files (Serialized files now loaded: 0)
System memory in use before: 137.3 MB.
System memory in use after: 137.4 MB.

Unloading 17 unused Assets to reduce memory usage. Loaded Objects now: 3979.
Total: 4.584700 ms (FindLiveObjects: 0.475600 ms CreateObjectMapping: 0.322000 ms MarkObjects: 3.627700 ms  DeleteObjects: 0.157100 ms)

========================================================================
Received Import Request.
  Time since last request: 383.946890 seconds.
  path: Assets/2-1.Prefab/Coscircle .prefab
  artifactKey: Guid(b03d2ec049d98774f96ada22f7b3c7c0) Importer(815301076,1909f56bfc062723c751e8b465ee728b)
Start importing Assets/2-1.Prefab/Coscircle .prefab using Guid(b03d2ec049d98774f96ada22f7b3c7c0) Importer(815301076,1909f56bfc062723c751e8b465ee728b)  -> (artifact id: '130a9326b9176d7ecb984053ea0d991e') in 0.150520 seconds 
========================================================================
Received Import Request.
  Time since last request: 161.045371 seconds.
  path: Assets/1.Script/Pattern/BulletType.cs
  artifactKey: Guid(f302309616ad7c142be12ddec7a26216) Importer(815301076,1909f56bfc062723c751e8b465ee728b)
Start importing Assets/1.Script/Pattern/BulletType.cs using Guid(f302309616ad7c142be12ddec7a26216) Importer(815301076,1909f56bfc062723c751e8b465ee728b)  -> (artifact id: '005042d9d55abd174b294db3fb90c97c') in 0.013805 seconds 
========================================================================
Received Prepare
Registering precompiled user dll's ...
Registered in 0.013959 seconds.
Begin MonoManager ReloadAssembly
Native extension for WindowsStandalone target not found
Refreshing native plugins compatible for Editor in 0.78 ms, found 2 plugins.
Preloading 0 native plugins for Editor in 0.00 ms.
Mono: successfully reloaded assembly
- Completed reload, in  3.791 seconds
Platform modules already initialized, skipping
Refreshing native plugins compatible for Editor in 1.67 ms, found 2 plugins.
Preloading 0 native plugins for Editor in 0.00 ms.
Unloading 3388 Unused Serialized files (Serialized files now loaded: 0)
System memory in use before: 137.3 MB.
System memory in use after: 137.4 MB.

Unloading 17 unused Assets to reduce memory usage. Loaded Objects now: 3984.
Total: 4.033600 ms (FindLiveObjects: 0.400500 ms CreateObjectMapping: 0.280800 ms MarkObjects: 3.138400 ms  DeleteObjects: 0.212300 ms)

========================================================================
Received Prepare
Registering precompiled user dll's ...
Registered in 0.010298 seconds.
Begin MonoManager ReloadAssembly
Native extension for WindowsStandalone target not found
Refreshing native plugins compatible for Editor in 0.79 ms, found 2 plugins.
Preloading 0 native plugins for Editor in 0.00 ms.
Mono: successfully reloaded assembly
- Completed reload, in  1.763 seconds
Platform modules already initialized, skipping
Refreshing native plugins compatible for Editor in 1.74 ms, found 2 plugins.
Preloading 0 native plugins for Editor in 0.00 ms.
Unloading 3388 Unused Serialized files (Serialized files now loaded: 0)
System memory in use before: 137.3 MB.
System memory in use after: 137.4 MB.

Unloading 17 unused Assets to reduce memory usage. Loaded Objects now: 3988.
Total: 6.047500 ms (FindLiveObjects: 0.804900 ms CreateObjectMapping: 0.501300 ms MarkObjects: 4.571000 ms  DeleteObjects: 0.167500 ms)

========================================================================
Received Prepare
Registering precompiled user dll's ...
Registered in 0.008145 seconds.
Begin MonoManager ReloadAssembly
Native extension for WindowsStandalone target not found
Refreshing native plugins compatible for Editor in 1.33 ms, found 2 plugins.
Preloading 0 native plugins for Editor in 0.00 ms.
Mono: successfully reloaded assembly
- Completed reload, in  3.128 seconds
Platform modules already initialized, skipping
Refreshing native plugins compatible for Editor in 1.51 ms, found 2 plugins.
Preloading 0 native plugins for Editor in 0.00 ms.
Unloading 3388 Unused Serialized files (Serialized files now loaded: 0)
System memory in use before: 137.3 MB.
System memory in use after: 137.4 MB.

Unloading 17 unused Assets to reduce memory usage. Loaded Objects now: 3992.
Total: 4.700400 ms (FindLiveObjects: 0.444300 ms CreateObjectMapping: 0.320000 ms MarkObjects: 3.802800 ms  DeleteObjects: 0.131700 ms)

