Using pre-set license
Built from '2021.1/release' branch; Version is '2021.1.1f1 (6fdc41dfa55a) revision 7330881'; Using compiler version '192528614'; Build Type 'Release'
OS: 'Windows 10 Home; OS build 19041.867; Version 2004; 64bit' Language: 'ko' Physical Memory: 8098 MB
BatchMode: 1, IsHumanControllingUs: 0, StartBugReporterOnCrash: 0, Is64bit: 1, IsPro: 0

 COMMAND LINE ARGUMENTS:
C:\Program Files\Unity\Hub\Editor\2021.1.1f1\Editor\Unity.exe
-adb2
-batchMode
-noUpm
-name
AssetImportWorker1
-projectPath
C:/Users/Kim changjin/Git2/FightGame
-logFile
Logs/AssetImportWorker1.log
-srvPort
4682
Successfully changed project path to: C:/Users/Kim changjin/Git2/FightGame
C:/Users/Kim changjin/Git2/FightGame
Using Asset Import Pipeline V2.
Refreshing native plugins compatible for Editor in 216.48 ms, found 2 plugins.
Preloading 0 native plugins for Editor in 0.00 ms.
Initialize engine version: 2021.1.1f1 (6fdc41dfa55a)
[Subsystems] Discovering subsystems at path C:/Program Files/Unity/Hub/Editor/2021.1.1f1/Editor/Data/Resources/UnitySubsystems
[Subsystems] Discovering subsystems at path C:/Users/Kim changjin/Git2/FightGame/Assets
GfxDevice: creating device client; threaded=0; jobified=0
Direct3D:
    Version:  Direct3D 11.0 [level 11.1]
    Renderer: Intel(R) HD Graphics 520 (ID=0x1916)
    Vendor:   Intel
    VRAM:     4049 MB
    Driver:   20.19.15.4463
Initialize mono
Mono path[0] = 'C:/Program Files/Unity/Hub/Editor/2021.1.1f1/Editor/Data/Managed'
Mono path[1] = 'C:/Program Files/Unity/Hub/Editor/2021.1.1f1/Editor/Data/MonoBleedingEdge/lib/mono/unityjit'
Mono config path = 'C:/Program Files/Unity/Hub/Editor/2021.1.1f1/Editor/Data/MonoBleedingEdge/etc'
Using monoOptions --debugger-agent=transport=dt_socket,embedding=1,server=y,suspend=n,address=127.0.0.1:56700
Begin MonoManager ReloadAssembly
Registering precompiled unity dll's ...
Register platform support module: C:/Program Files/Unity/Hub/Editor/2021.1.1f1/Editor/Data/PlaybackEngines/WindowsStandaloneSupport/UnityEditor.WindowsStandalone.Extensions.dll
Registered in 0.005700 seconds.
Native extension for WindowsStandalone target not found
Refreshing native plugins compatible for Editor in 292.12 ms, found 2 plugins.
Preloading 0 native plugins for Editor in 0.00 ms.
Mono: successfully reloaded assembly
- Completed reload, in 11.842 seconds
Platform modules already initialized, skipping
Registering precompiled user dll's ...
Registered in 0.009084 seconds.
Begin MonoManager ReloadAssembly
Native extension for WindowsStandalone target not found
Refreshing native plugins compatible for Editor in 122.92 ms, found 2 plugins.
Preloading 0 native plugins for Editor in 0.00 ms.
Mono: successfully reloaded assembly
- Completed reload, in  2.212 seconds
Platform modules already initialized, skipping
========================================================================
Worker process is ready to serve import requests
Launched and connected shader compiler UnityShaderCompiler.exe after 0.19 seconds
Refreshing native plugins compatible for Editor in 1.34 ms, found 2 plugins.
Preloading 0 native plugins for Editor in 0.00 ms.
Unloading 3393 Unused Serialized files (Serialized files now loaded: 0)
System memory in use before: 133.6 MB.
System memory in use after: 133.6 MB.

Unloading 29 unused Assets to reduce memory usage. Loaded Objects now: 3846.
Total: 4.523800 ms (FindLiveObjects: 0.462000 ms CreateObjectMapping: 0.262000 ms MarkObjects: 3.651100 ms  DeleteObjects: 0.146900 ms)

========================================================================
Received Prepare
Registering precompiled user dll's ...
Registered in 0.005411 seconds.
Begin MonoManager ReloadAssembly
Native extension for WindowsStandalone target not found
Refreshing native plugins compatible for Editor in 0.91 ms, found 2 plugins.
Preloading 0 native plugins for Editor in 0.00 ms.
Mono: successfully reloaded assembly
- Completed reload, in  1.666 seconds
Platform modules already initialized, skipping
Refreshing native plugins compatible for Editor in 1.73 ms, found 2 plugins.
Preloading 0 native plugins for Editor in 0.00 ms.
Unloading 3385 Unused Serialized files (Serialized files now loaded: 0)
System memory in use before: 133.2 MB.
System memory in use after: 133.3 MB.

Unloading 17 unused Assets to reduce memory usage. Loaded Objects now: 3850.
Total: 8.052600 ms (FindLiveObjects: 0.982300 ms CreateObjectMapping: 0.693800 ms MarkObjects: 6.092700 ms  DeleteObjects: 0.279700 ms)

========================================================================
Received Import Request.
  path: Assets/1.Script/Pattern/Sinbullet.cs
  artifactKey: Guid(5f188c42c49dc394f9a0c90c8f1ddcee) Importer(815301076,1909f56bfc062723c751e8b465ee728b)
Start importing Assets/1.Script/Pattern/Sinbullet.cs using Guid(5f188c42c49dc394f9a0c90c8f1ddcee) Importer(815301076,1909f56bfc062723c751e8b465ee728b)  -> (artifact id: 'b2bd4f4e017f1db433099256719c4944') in 0.289173 seconds 
========================================================================
Received Import Request.
  Time since last request: 9.759331 seconds.
  path: Assets/1.Script/Pattern
  artifactKey: Guid(4e9ef16ec8c37a84bae9e7cd23f35cb7) Importer(815301076,1909f56bfc062723c751e8b465ee728b)
Start importing Assets/1.Script/Pattern using Guid(4e9ef16ec8c37a84bae9e7cd23f35cb7) Importer(815301076,1909f56bfc062723c751e8b465ee728b)  -> (artifact id: '1ca5e7e11e4e21f9435e95a44f03176a') in 0.028462 seconds 
========================================================================
Received Import Request.
  Time since last request: 16.533691 seconds.
  path: Assets/1.Script/Pattern/BulletType.cs
  artifactKey: Guid(f302309616ad7c142be12ddec7a26216) Importer(815301076,1909f56bfc062723c751e8b465ee728b)
Start importing Assets/1.Script/Pattern/BulletType.cs using Guid(f302309616ad7c142be12ddec7a26216) Importer(815301076,1909f56bfc062723c751e8b465ee728b)  -> (artifact id: 'b1d784c5ea48d6c3dea0014d98b3a14b') in 0.078376 seconds 
========================================================================
Received Prepare
Registering precompiled user dll's ...
Registered in 0.020317 seconds.
Begin MonoManager ReloadAssembly
Native extension for WindowsStandalone target not found
Refreshing native plugins compatible for Editor in 0.98 ms, found 2 plugins.
Preloading 0 native plugins for Editor in 0.00 ms.
Mono: successfully reloaded assembly
- Completed reload, in  2.131 seconds
Platform modules already initialized, skipping
Refreshing native plugins compatible for Editor in 1.43 ms, found 2 plugins.
Preloading 0 native plugins for Editor in 0.00 ms.
Unloading 3386 Unused Serialized files (Serialized files now loaded: 0)
System memory in use before: 133.3 MB.
System memory in use after: 133.4 MB.

Unloading 17 unused Assets to reduce memory usage. Loaded Objects now: 3855.
Total: 5.578800 ms (FindLiveObjects: 0.602600 ms CreateObjectMapping: 0.417800 ms MarkObjects: 4.381400 ms  DeleteObjects: 0.174200 ms)

========================================================================
Received Import Request.
  Time since last request: 68.082777 seconds.
  path: Assets/1.Script/Pattern/BulletType.cs
  artifactKey: Guid(f302309616ad7c142be12ddec7a26216) Importer(815301076,1909f56bfc062723c751e8b465ee728b)
Start importing Assets/1.Script/Pattern/BulletType.cs using Guid(f302309616ad7c142be12ddec7a26216) Importer(815301076,1909f56bfc062723c751e8b465ee728b)  -> (artifact id: 'e9ca73d45d3952e2a59abc2a23d2a160') in 0.021589 seconds 
========================================================================
Received Prepare
Registering precompiled user dll's ...
Registered in 0.010404 seconds.
Begin MonoManager ReloadAssembly
Native extension for WindowsStandalone target not found
Refreshing native plugins compatible for Editor in 1.41 ms, found 2 plugins.
Preloading 0 native plugins for Editor in 0.00 ms.
Mono: successfully reloaded assembly
- Completed reload, in  2.123 seconds
Platform modules already initialized, skipping
Refreshing native plugins compatible for Editor in 1.61 ms, found 2 plugins.
Preloading 0 native plugins for Editor in 0.00 ms.
Unloading 3386 Unused Serialized files (Serialized files now loaded: 0)
System memory in use before: 133.4 MB.
System memory in use after: 133.5 MB.

Unloading 17 unused Assets to reduce memory usage. Loaded Objects now: 3859.
Total: 6.671300 ms (FindLiveObjects: 0.787900 ms CreateObjectMapping: 0.802900 ms MarkObjects: 4.823600 ms  DeleteObjects: 0.253800 ms)

========================================================================
Received Import Request.
  Time since last request: 6243.568694 seconds.
  path: Assets/1.Script/Pattern/Sinbullet.cs
  artifactKey: Guid(5f188c42c49dc394f9a0c90c8f1ddcee) Importer(815301076,1909f56bfc062723c751e8b465ee728b)
Start importing Assets/1.Script/Pattern/Sinbullet.cs using Guid(5f188c42c49dc394f9a0c90c8f1ddcee) Importer(815301076,1909f56bfc062723c751e8b465ee728b)  -> (artifact id: '123adaea1c44f35c3c2eccb705a1535c') in 0.644195 seconds 
========================================================================
Received Prepare
Registering precompiled user dll's ...
Registered in 0.012426 seconds.
Begin MonoManager ReloadAssembly
Native extension for WindowsStandalone target not found
Refreshing native plugins compatible for Editor in 1.24 ms, found 2 plugins.
Preloading 0 native plugins for Editor in 0.00 ms.
Mono: successfully reloaded assembly
- Completed reload, in  2.449 seconds
Platform modules already initialized, skipping
Refreshing native plugins compatible for Editor in 48.24 ms, found 2 plugins.
Preloading 0 native plugins for Editor in 0.00 ms.
Unloading 3386 Unused Serialized files (Serialized files now loaded: 0)
System memory in use before: 133.4 MB.
System memory in use after: 133.5 MB.

Unloading 17 unused Assets to reduce memory usage. Loaded Objects now: 3863.
Total: 4.130600 ms (FindLiveObjects: 0.432800 ms CreateObjectMapping: 0.327600 ms MarkObjects: 3.191100 ms  DeleteObjects: 0.176200 ms)

========================================================================
Received Prepare
Registering precompiled user dll's ...
Registered in 0.009845 seconds.
Begin MonoManager ReloadAssembly
Native extension for WindowsStandalone target not found
Refreshing native plugins compatible for Editor in 1.21 ms, found 2 plugins.
Preloading 0 native plugins for Editor in 0.00 ms.
Mono: successfully reloaded assembly
- Completed reload, in  2.983 seconds
Platform modules already initialized, skipping
Refreshing native plugins compatible for Editor in 1.85 ms, found 2 plugins.
Preloading 0 native plugins for Editor in 0.00 ms.
Unloading 3386 Unused Serialized files (Serialized files now loaded: 0)
System memory in use before: 133.4 MB.
System memory in use after: 133.5 MB.

Unloading 17 unused Assets to reduce memory usage. Loaded Objects now: 3867.
Total: 6.495600 ms (FindLiveObjects: 0.634200 ms CreateObjectMapping: 0.574600 ms MarkObjects: 5.004100 ms  DeleteObjects: 0.279200 ms)

========================================================================
Received Prepare
Registering precompiled user dll's ...
Registered in 0.014881 seconds.
Begin MonoManager ReloadAssembly
Native extension for WindowsStandalone target not found
Refreshing native plugins compatible for Editor in 3.87 ms, found 2 plugins.
Preloading 0 native plugins for Editor in 0.00 ms.
Mono: successfully reloaded assembly
- Completed reload, in  4.158 seconds
Platform modules already initialized, skipping
Refreshing native plugins compatible for Editor in 1.38 ms, found 2 plugins.
Preloading 0 native plugins for Editor in 0.00 ms.
Unloading 3386 Unused Serialized files (Serialized files now loaded: 0)
System memory in use before: 133.4 MB.
System memory in use after: 133.5 MB.

Unloading 17 unused Assets to reduce memory usage. Loaded Objects now: 3871.
Total: 6.753400 ms (FindLiveObjects: 0.586500 ms CreateObjectMapping: 0.425100 ms MarkObjects: 5.451700 ms  DeleteObjects: 0.286800 ms)

========================================================================
Received Prepare
Registering precompiled user dll's ...
Registered in 0.005557 seconds.
Begin MonoManager ReloadAssembly
Native extension for WindowsStandalone target not found
Refreshing native plugins compatible for Editor in 6.13 ms, found 2 plugins.
Preloading 0 native plugins for Editor in 0.00 ms.
Mono: successfully reloaded assembly
- Completed reload, in  2.636 seconds
Platform modules already initialized, skipping
Refreshing native plugins compatible for Editor in 1.63 ms, found 2 plugins.
Preloading 0 native plugins for Editor in 0.00 ms.
Unloading 3386 Unused Serialized files (Serialized files now loaded: 0)
System memory in use before: 133.4 MB.
System memory in use after: 133.5 MB.

Unloading 17 unused Assets to reduce memory usage. Loaded Objects now: 3875.
Total: 5.289500 ms (FindLiveObjects: 0.572600 ms CreateObjectMapping: 0.451500 ms MarkObjects: 4.092700 ms  DeleteObjects: 0.170200 ms)

========================================================================
Received Prepare
Registering precompiled user dll's ...
Registered in 0.007317 seconds.
Begin MonoManager ReloadAssembly
Native extension for WindowsStandalone target not found
Refreshing native plugins compatible for Editor in 1.45 ms, found 2 plugins.
Preloading 0 native plugins for Editor in 0.00 ms.
Mono: successfully reloaded assembly
- Completed reload, in  2.529 seconds
Platform modules already initialized, skipping
Refreshing native plugins compatible for Editor in 2.31 ms, found 2 plugins.
Preloading 0 native plugins for Editor in 0.00 ms.
Unloading 3386 Unused Serialized files (Serialized files now loaded: 0)
System memory in use before: 133.4 MB.
System memory in use after: 133.5 MB.

Unloading 17 unused Assets to reduce memory usage. Loaded Objects now: 3879.
Total: 10.247600 ms (FindLiveObjects: 0.827600 ms CreateObjectMapping: 0.743800 ms MarkObjects: 8.331600 ms  DeleteObjects: 0.340400 ms)

========================================================================
Received Import Request.
  Time since last request: 954.268622 seconds.
  path: Assets/1.Script/Pattern/Sinbullet.cs
  artifactKey: Guid(5f188c42c49dc394f9a0c90c8f1ddcee) Importer(815301076,1909f56bfc062723c751e8b465ee728b)
Start importing Assets/1.Script/Pattern/Sinbullet.cs using Guid(5f188c42c49dc394f9a0c90c8f1ddcee) Importer(815301076,1909f56bfc062723c751e8b465ee728b)  -> (artifact id: '3fb3c539260b7f092bbfcc5828a40597') in 0.027158 seconds 
========================================================================
Received Prepare
Registering precompiled user dll's ...
Registered in 0.005683 seconds.
Begin MonoManager ReloadAssembly
Native extension for WindowsStandalone target not found
Refreshing native plugins compatible for Editor in 0.88 ms, found 2 plugins.
Preloading 0 native plugins for Editor in 0.00 ms.
Mono: successfully reloaded assembly
- Completed reload, in  2.407 seconds
Platform modules already initialized, skipping
Refreshing native plugins compatible for Editor in 1.84 ms, found 2 plugins.
Preloading 0 native plugins for Editor in 0.00 ms.
Unloading 3386 Unused Serialized files (Serialized files now loaded: 0)
System memory in use before: 133.4 MB.
System memory in use after: 133.5 MB.

Unloading 17 unused Assets to reduce memory usage. Loaded Objects now: 3883.
Total: 4.491400 ms (FindLiveObjects: 0.596200 ms CreateObjectMapping: 0.434800 ms MarkObjects: 3.333300 ms  DeleteObjects: 0.125100 ms)

========================================================================
Received Import Request.
  Time since last request: 49.021899 seconds.
  path: Assets/1.Script/Pattern/Sinbullet.cs
  artifactKey: Guid(5f188c42c49dc394f9a0c90c8f1ddcee) Importer(815301076,1909f56bfc062723c751e8b465ee728b)
Start importing Assets/1.Script/Pattern/Sinbullet.cs using Guid(5f188c42c49dc394f9a0c90c8f1ddcee) Importer(815301076,1909f56bfc062723c751e8b465ee728b)  -> (artifact id: '978eee8048ad0e45b965d5a8dfe7cbc0') in 0.009442 seconds 
========================================================================
Received Prepare
Registering precompiled user dll's ...
Registered in 0.008875 seconds.
Begin MonoManager ReloadAssembly
Native extension for WindowsStandalone target not found
Refreshing native plugins compatible for Editor in 1.39 ms, found 2 plugins.
Preloading 0 native plugins for Editor in 0.00 ms.
Mono: successfully reloaded assembly
- Completed reload, in  2.264 seconds
Platform modules already initialized, skipping
Refreshing native plugins compatible for Editor in 1.64 ms, found 2 plugins.
Preloading 0 native plugins for Editor in 0.00 ms.
Unloading 3386 Unused Serialized files (Serialized files now loaded: 0)
System memory in use before: 133.5 MB.
System memory in use after: 133.6 MB.

Unloading 17 unused Assets to reduce memory usage. Loaded Objects now: 3887.
Total: 5.204800 ms (FindLiveObjects: 0.683200 ms CreateObjectMapping: 0.381100 ms MarkObjects: 3.884700 ms  DeleteObjects: 0.253600 ms)

========================================================================
Received Import Request.
  Time since last request: 108.886385 seconds.
  path: Assets/1.Script/Pattern/Sinbullet.cs
  artifactKey: Guid(5f188c42c49dc394f9a0c90c8f1ddcee) Importer(815301076,1909f56bfc062723c751e8b465ee728b)
Start importing Assets/1.Script/Pattern/Sinbullet.cs using Guid(5f188c42c49dc394f9a0c90c8f1ddcee) Importer(815301076,1909f56bfc062723c751e8b465ee728b)  -> (artifact id: '9e9aed24f67bb665af1b0f14e6d0fa14') in 0.015091 seconds 
========================================================================
Received Prepare
Registering precompiled user dll's ...
Registered in 0.008797 seconds.
Begin MonoManager ReloadAssembly
Native extension for WindowsStandalone target not found
Refreshing native plugins compatible for Editor in 0.81 ms, found 2 plugins.
Preloading 0 native plugins for Editor in 0.00 ms.
Mono: successfully reloaded assembly
- Completed reload, in  2.256 seconds
Platform modules already initialized, skipping
Refreshing native plugins compatible for Editor in 1.47 ms, found 2 plugins.
Preloading 0 native plugins for Editor in 0.00 ms.
Unloading 3386 Unused Serialized files (Serialized files now loaded: 0)
System memory in use before: 133.5 MB.
System memory in use after: 133.6 MB.

Unloading 17 unused Assets to reduce memory usage. Loaded Objects now: 3891.
Total: 5.159400 ms (FindLiveObjects: 0.379700 ms CreateObjectMapping: 0.242000 ms MarkObjects: 4.317500 ms  DeleteObjects: 0.218600 ms)

========================================================================
Received Import Request.
  Time since last request: 28.539921 seconds.
  path: Assets/1.Script/Pattern/Sinbullet.cs
  artifactKey: Guid(5f188c42c49dc394f9a0c90c8f1ddcee) Importer(815301076,1909f56bfc062723c751e8b465ee728b)
Start importing Assets/1.Script/Pattern/Sinbullet.cs using Guid(5f188c42c49dc394f9a0c90c8f1ddcee) Importer(815301076,1909f56bfc062723c751e8b465ee728b)  -> (artifact id: 'cf2568e66ee83490decba05bb7dca158') in 0.010112 seconds 
========================================================================
Received Prepare
Registering precompiled user dll's ...
Registered in 0.005014 seconds.
Begin MonoManager ReloadAssembly
Native extension for WindowsStandalone target not found
Refreshing native plugins compatible for Editor in 0.87 ms, found 2 plugins.
Preloading 0 native plugins for Editor in 0.00 ms.
Mono: successfully reloaded assembly
- Completed reload, in  2.274 seconds
Platform modules already initialized, skipping
Refreshing native plugins compatible for Editor in 1.46 ms, found 2 plugins.
Preloading 0 native plugins for Editor in 0.00 ms.
Unloading 3386 Unused Serialized files (Serialized files now loaded: 0)
System memory in use before: 133.5 MB.
System memory in use after: 133.6 MB.

Unloading 17 unused Assets to reduce memory usage. Loaded Objects now: 3895.
Total: 3.795000 ms (FindLiveObjects: 0.519500 ms CreateObjectMapping: 0.315800 ms MarkObjects: 2.807000 ms  DeleteObjects: 0.151100 ms)

========================================================================
Received Import Request.
  Time since last request: 50.752516 seconds.
  path: Assets/1.Script/Pattern/Sinbullet.cs
  artifactKey: Guid(5f188c42c49dc394f9a0c90c8f1ddcee) Importer(815301076,1909f56bfc062723c751e8b465ee728b)
Start importing Assets/1.Script/Pattern/Sinbullet.cs using Guid(5f188c42c49dc394f9a0c90c8f1ddcee) Importer(815301076,1909f56bfc062723c751e8b465ee728b)  -> (artifact id: '8a278dd4f1f4f133283efe38cefb1448') in 0.011150 seconds 
========================================================================
Received Prepare
Registering precompiled user dll's ...
Registered in 0.022097 seconds.
Begin MonoManager ReloadAssembly
Native extension for WindowsStandalone target not found
Refreshing native plugins compatible for Editor in 1.07 ms, found 2 plugins.
Preloading 0 native plugins for Editor in 0.00 ms.
Mono: successfully reloaded assembly
- Completed reload, in  2.052 seconds
Platform modules already initialized, skipping
Refreshing native plugins compatible for Editor in 1.46 ms, found 2 plugins.
Preloading 0 native plugins for Editor in 0.00 ms.
Unloading 3386 Unused Serialized files (Serialized files now loaded: 0)
System memory in use before: 133.5 MB.
System memory in use after: 133.6 MB.

Unloading 17 unused Assets to reduce memory usage. Loaded Objects now: 3899.
Total: 4.292800 ms (FindLiveObjects: 0.368400 ms CreateObjectMapping: 0.253200 ms MarkObjects: 3.500200 ms  DeleteObjects: 0.168900 ms)

========================================================================
Received Prepare
Registering precompiled user dll's ...
Registered in 0.016809 seconds.
Begin MonoManager ReloadAssembly
Native extension for WindowsStandalone target not found
Refreshing native plugins compatible for Editor in 1.93 ms, found 2 plugins.
Preloading 0 native plugins for Editor in 0.00 ms.
Mono: successfully reloaded assembly
- Completed reload, in  3.019 seconds
Platform modules already initialized, skipping
Refreshing native plugins compatible for Editor in 1.70 ms, found 2 plugins.
Preloading 0 native plugins for Editor in 0.00 ms.
Unloading 3386 Unused Serialized files (Serialized files now loaded: 0)
System memory in use before: 133.5 MB.
System memory in use after: 133.6 MB.

Unloading 17 unused Assets to reduce memory usage. Loaded Objects now: 3903.
Total: 5.107200 ms (FindLiveObjects: 0.409800 ms CreateObjectMapping: 0.234700 ms MarkObjects: 3.905400 ms  DeleteObjects: 0.554300 ms)

========================================================================
Received Prepare
Registering precompiled user dll's ...
Registered in 0.033075 seconds.
Begin MonoManager ReloadAssembly
Native extension for WindowsStandalone target not found
Refreshing native plugins compatible for Editor in 1.15 ms, found 2 plugins.
Preloading 0 native plugins for Editor in 0.00 ms.
Mono: successfully reloaded assembly
- Completed reload, in  2.476 seconds
Platform modules already initialized, skipping
